
ROM used:   500/4096 (12%)
            500/4096 (12%) including unused fragments

            0.4 Average locations per line
            4.4 Average locations per statement

RAM used:   5/383 (1%) at main() level
            34/383 (9%) worst case

Stack used: 5 worst case (5 in main + 0 for interrupts)
Stack size: 16

Lines Stmts  %   Files
----- ----- ---  -----
   38    30  26  main.c
   10     0   0  main.h
  895     0   0  C:\Program Files (x86)\PICC\Devices\16F1827.h
  456    84  74  C:\Program Files (x86)\PICC\Drivers\lcd.c
----- -----
 1399   114 Total

Page ROM  %  RAM   Vol Diff  Functions:
---- --- --- ---   --- ----  ----------
0     22   4    1             @delay_ms1
 Inline         3   596  5.9  lcd_read_byte
0      6   1    0    59  4.2  lcd_read_nibble
0     12   2    1   179  3.3  lcd_send_nibble
0     64  13    3   460  4.7  lcd_send_byte
0     64  13    6   814  7.2  lcd_init
0     18   4    4   208  6.3  lcd_gotoxy
0     44   9    1   354  4.7  lcd_putc
0    150  30    1  1067  7.9  MAIN
0      8   2    0             @const691
0     74  15    3             @PSTRINGC7_675
0      9   2    0             @const693
0      8   2    0             @const695
0     10   2    0             @const696
0      8   2    0             @const698
 Inline         0             @cinit1

Program metrics:
    Functions               8
    Statements              114
    Comments                250
    Volume (V)              5547
    Difficulty (D)          42.0
    Effort to implement (E) 233198
    Time to implement (T)   3 hours, 36 minutes
    Est Delivered Bugs (B)  1
    Cyclomatic Complexity   12
    Maintainability (MI)    128

 Segment     Used  Free
-----------  ----  ----
00000-00002     3  0  
00003-007FF   497  1548  
00800-00FFF     0  2048  



